system   D            wsystem.c:583  maybe_parent_dir                 [   0.00159] Also searching C:\Users\Alex\Documents\Visual Studio 2012\Projects\Current_Penguin\
system   D            wsystem.c:633  _al_win_safe_load_library        [   0.00246] PathFindOnPath found: C:\Windows\system32\d3d9.dll
system   D            wsystem.c:544  load_library_at_path             [   0.00253] Calling LoadLibrary C:\Windows\system32\d3d9.dll
system   I            wsystem.c:547  load_library_at_path             [   0.01913] Loaded C:\Windows\system32\d3d9.dll
d3d      I         d3d_disp.cpp:695  _al_d3d_init_display             [   0.19156] Render-to-texture: 1
system   I             system.c:272  al_install_system                [   0.19166] Allegro version: 5.0.8
audio-dsound D           dsound.cpp:234  _dsound_open                     [   0.19441] Loading DirectSound module
system   D            wsystem.c:583  maybe_parent_dir                 [   0.19520] Also searching C:\Users\Alex\Documents\Visual Studio 2012\Projects\Current_Penguin\
system   D            wsystem.c:633  _al_win_safe_load_library        [   0.19582] PathFindOnPath found: C:\Windows\system32\dsound.dll
system   D            wsystem.c:544  load_library_at_path             [   0.19586] Calling LoadLibrary C:\Windows\system32\dsound.dll
system   I            wsystem.c:547  load_library_at_path             [   0.20940] Loaded C:\Windows\system32\dsound.dll
audio-dsound I           dsound.cpp:251  _dsound_open                     [   0.20960] Starting DirectSound...
audio-dsound D           dsound.cpp:261  _dsound_open                     [   0.29743] DirectSoundCreate8 succeeded
audio    I              audio.c:286  do_install_audio                 [   0.30177] Using DirectSound driver
audio-dsound D           dsound.cpp:296  _dsound_allocate_voice           [   0.30197] Allocating voice
audio-dsound D           dsound.cpp:355  _dsound_allocate_voice           [   0.30201] Allocated voice
dtor     D               dtor.c:184  _al_register_destructor          [   0.30207] added dtor for object 007A3528, func 560D24FF
dtor     D               dtor.c:184  _al_register_destructor          [   0.30214] added dtor for object 0078CFC0, func 560D28FB
audio-dsound D           dsound.cpp:452  _dsound_start_voice              [   0.30219] Starting voice
audio-dsound D           dsound.cpp:481  _dsound_start_voice              [   0.30222] CreateSoundBuffer
audio-dsound D           dsound.cpp:490  _dsound_start_voice              [   0.30587] CreateSoundBuffer succeeded
audio-dsound D           dsound.cpp:496  _dsound_start_voice              [   0.30597] Starting _dsound_update thread
audio-dsound I           dsound.cpp:506  _dsound_start_voice              [   0.30623] Voice started
dtor     D               dtor.c:184  _al_register_destructor          [   0.30633] added dtor for object 0078D650, func 560D23D8
audio    D          kcm_mixer.c:121  _al_rechannel_matrix             [   0.30639] sample matrix:
audio    D          kcm_mixer.c:127  _al_rechannel_matrix             [   0.30642] 
audio    D          kcm_mixer.c:127  _al_rechannel_matrix             [   0.30645] 
d3d      I         d3d_disp.cpp:1732 d3d_create_display_locked        [   0.30800] faux_fullscreen=0
d3d      D         d3d_disp.cpp:1733 d3d_create_display_locked        [   0.30811] al_display=0078D8D0
d3d      D         d3d_disp.cpp:1734 d3d_create_display_locked        [   0.30814] al_display->vt=0078D808
d3d      I d3d_display_formats.cpp:144  _al_d3d_generate_display_format_list [   0.38638] found 96 format combinations
display  D   display_settings.c:191  debug_display_settings           [   0.38646] color: 32 (rgba 8880), depth: 0, stencil: 0, acc: 0000, samples: 0/0
display  D   display_settings.c:506  _al_score_display_settings       [   0.38651] Score is : 897
display  D   display_settings.c:191  debug_display_settings           [   0.38654] color: 32 (rgba 8880), depth: 0, stencil: 0, acc: 0000, samples: 0/0
display  D   display_settings.c:506  _al_score_display_settings       [   0.38659] Score is : 897
display  D   display_settings.c:191  debug_display_settings           [   0.38676] color: 32 (rgba 8880), depth: 0, stencil: 0, acc: 0000, samples: 2/1
display  D   display_settings.c:506  _al_score_display_settings       [   0.38681] Score is : 726
display  D   display_settings.c:191  debug_display_settings           [   0.38685] color: 32 (rgba 8880), depth: 24, stencil: 8, acc: 0000, samples: 0/0
display  D   display_settings.c:506  _al_score_display_settings       [   0.38689] Score is : 897
display  D   display_settings.c:191  debug_display_settings           [   0.38692] color: 32 (rgba 8880), depth: 24, stencil: 8, acc: 0000, samples: 0/0
display  D   display_settings.c:506  _al_score_display_settings       [   0.38696] Score is : 897
display  D   display_settings.c:191  debug_display_settings           [   0.38699] color: 32 (rgba 8880), depth: 24, stencil: 8, acc: 0000, samples: 2/1
display  D   display_settings.c:506  _al_score_display_settings       [   0.38703] Score is : 726
display  D   display_settings.c:191  debug_display_settings           [   0.38707] color: 32 (rgba 8880), depth: 24, stencil: 0, acc: 0000, samples: 0/0
display  D   display_settings.c:506  _al_score_display_settings       [   0.38711] Score is : 897
display  D   display_settings.c:191  debug_display_settings           [   0.38714] color: 32 (rgba 8880), depth: 24, stencil: 0, acc: 0000, samples: 0/0
display  D   display_settings.c:506  _al_score_display_settings       [   0.38719] Score is : 897
display  D   display_settings.c:191  debug_display_settings           [   0.38722] color: 32 (rgba 8880), depth: 24, stencil: 0, acc: 0000, samples: 2/1
display  D   display_settings.c:506  _al_score_display_settings       [   0.38726] Score is : 726
display  D   display_settings.c:191  debug_display_settings           [   0.38729] color: 32 (rgba 8880), depth: 16, stencil: 0, acc: 0000, samples: 0/0
display  D   display_settings.c:506  _al_score_display_settings       [   0.38733] Score is : 897
display  D   display_settings.c:191  debug_display_settings           [   0.38736] color: 32 (rgba 8880), depth: 16, stencil: 0, acc: 0000, samples: 0/0
display  D   display_settings.c:506  _al_score_display_settings       [   0.38741] Score is : 897
display  D   display_settings.c:191  debug_display_settings           [   0.38744] color: 32 (rgba 8880), depth: 16, stencil: 0, acc: 0000, samples: 2/1
display  D   display_settings.c:506  _al_score_display_settings       [   0.38748] Score is : 726
display  D   display_settings.c:191  debug_display_settings           [   0.38751] color: 16 (rgba 5650), depth: 0, stencil: 0, acc: 0000, samples: 0/0
display  D   display_settings.c:506  _al_score_display_settings       [   0.38755] Score is : 897
display  D   display_settings.c:191  debug_display_settings           [   0.38758] color: 16 (rgba 5650), depth: 0, stencil: 0, acc: 0000, samples: 0/0
display  D   display_settings.c:506  _al_score_display_settings       [   0.38762] Score is : 897
display  D   display_settings.c:191  debug_display_settings           [   0.38766] color: 16 (rgba 5650), depth: 0, stencil: 0, acc: 0000, samples: 2/1
display  D   display_settings.c:506  _al_score_display_settings       [   0.38770] Score is : 726
display  D   display_settings.c:191  debug_display_settings           [   0.38773] color: 16 (rgba 5650), depth: 24, stencil: 8, acc: 0000, samples: 0/0
display  D   display_settings.c:506  _al_score_display_settings       [   0.38777] Score is : 897
display  D   display_settings.c:191  debug_display_settings           [   0.38780] color: 16 (rgba 5650), depth: 24, stencil: 8, acc: 0000, samples: 0/0
display  D   display_settings.c:506  _al_score_display_settings       [   0.38784] Score is : 897
display  D   display_settings.c:191  debug_display_settings           [   0.38787] color: 16 (rgba 5650), depth: 24, stencil: 8, acc: 0000, samples: 2/1
display  D   display_settings.c:506  _al_score_display_settings       [   0.38792] Score is : 726
display  D   display_settings.c:191  debug_display_settings           [   0.38795] color: 16 (rgba 5650), depth: 24, stencil: 0, acc: 0000, samples: 0/0
display  D   display_settings.c:506  _al_score_display_settings       [   0.38799] Score is : 897
display  D   display_settings.c:191  debug_display_settings           [   0.38802] color: 16 (rgba 5650), depth: 24, stencil: 0, acc: 0000, samples: 0/0
display  D   display_settings.c:506  _al_score_display_settings       [   0.38807] Score is : 897
display  D   display_settings.c:191  debug_display_settings           [   0.38810] color: 16 (rgba 5650), depth: 24, stencil: 0, acc: 0000, samples: 2/1
display  D   display_settings.c:506  _al_score_display_settings       [   0.38814] Score is : 726
display  D   display_settings.c:191  debug_display_settings           [   0.38817] color: 16 (rgba 5650), depth: 16, stencil: 0, acc: 0000, samples: 0/0
display  D   display_settings.c:506  _al_score_display_settings       [   0.38822] Score is : 897
display  D   display_settings.c:191  debug_display_settings           [   0.38825] color: 16 (rgba 5650), depth: 16, stencil: 0, acc: 0000, samples: 0/0
display  D   display_settings.c:506  _al_score_display_settings       [   0.38829] Score is : 897
display  D   display_settings.c:191  debug_display_settings           [   0.38832] color: 16 (rgba 5650), depth: 16, stencil: 0, acc: 0000, samples: 2/1
display  D   display_settings.c:506  _al_score_display_settings       [   0.38836] Score is : 726
display  D   display_settings.c:191  debug_display_settings           [   0.38839] color: 32 (rgba 8880), depth: 0, stencil: 0, acc: 0000, samples: 0/0
display  D   display_settings.c:377  _al_score_display_settings       [   0.38843] Single Buffer requirement not met.
display  D   display_settings.c:191  debug_display_settings           [   0.38853] color: 32 (rgba 8880), depth: 0, stencil: 0, acc: 0000, samples: 0/0
display  D   display_settings.c:377  _al_score_display_settings       [   0.38857] Single Buffer requirement not met.
display  D   display_settings.c:191  debug_display_settings           [   0.38861] color: 32 (rgba 8880), depth: 0, stencil: 0, acc: 0000, samples: 2/1
display  D   display_settings.c:377  _al_score_display_settings       [   0.38865] Single Buffer requirement not met.
display  D   display_settings.c:191  debug_display_settings           [   0.38868] color: 32 (rgba 8880), depth: 24, stencil: 8, acc: 0000, samples: 0/0
display  D   display_settings.c:377  _al_score_display_settings       [   0.38872] Single Buffer requirement not met.
display  D   display_settings.c:191  debug_display_settings           [   0.38875] color: 32 (rgba 8880), depth: 24, stencil: 8, acc: 0000, samples: 0/0
display  D   display_settings.c:377  _al_score_display_settings       [   0.38879] Single Buffer requirement not met.
display  D   display_settings.c:191  debug_display_settings           [   0.38883] color: 32 (rgba 8880), depth: 24, stencil: 8, acc: 0000, samples: 2/1
display  D   display_settings.c:377  _al_score_display_settings       [   0.38887] Single Buffer requirement not met.
display  D   display_settings.c:191  debug_display_settings           [   0.38890] color: 32 (rgba 8880), depth: 24, stencil: 0, acc: 0000, samples: 0/0
display  D   display_settings.c:377  _al_score_display_settings       [   0.38894] Single Buffer requirement not met.
display  D   display_settings.c:191  debug_display_settings           [   0.38897] color: 32 (rgba 8880), depth: 24, stencil: 0, acc: 0000, samples: 0/0
display  D   display_settings.c:377  _al_score_display_settings       [   0.38901] Single Buffer requirement not met.
display  D   display_settings.c:191  debug_display_settings           [   0.38905] color: 32 (rgba 8880), depth: 24, stencil: 0, acc: 0000, samples: 2/1
display  D   display_settings.c:377  _al_score_display_settings       [   0.38909] Single Buffer requirement not met.
display  D   display_settings.c:191  debug_display_settings           [   0.38913] color: 32 (rgba 8880), depth: 16, stencil: 0, acc: 0000, samples: 0/0
display  D   display_settings.c:377  _al_score_display_settings       [   0.38917] Single Buffer requirement not met.
display  D   display_settings.c:191  debug_display_settings           [   0.38921] color: 32 (rgba 8880), depth: 16, stencil: 0, acc: 0000, samples: 0/0
display  D   display_settings.c:377  _al_score_display_settings       [   0.38925] Single Buffer requirement not met.
display  D   display_settings.c:191  debug_display_settings           [   0.38928] color: 32 (rgba 8880), depth: 16, stencil: 0, acc: 0000, samples: 2/1
display  D   display_settings.c:377  _al_score_display_settings       [   0.38932] Single Buffer requirement not met.
display  D   display_settings.c:191  debug_display_settings           [   0.38935] color: 16 (rgba 5650), depth: 0, stencil: 0, acc: 0000, samples: 0/0
display  D   display_settings.c:377  _al_score_display_settings       [   0.38939] Single Buffer requirement not met.
display  D   display_settings.c:191  debug_display_settings           [   0.38942] color: 16 (rgba 5650), depth: 0, stencil: 0, acc: 0000, samples: 0/0
display  D   display_settings.c:377  _al_score_display_settings       [   0.38947] Single Buffer requirement not met.
display  D   display_settings.c:191  debug_display_settings           [   0.38950] color: 16 (rgba 5650), depth: 0, stencil: 0, acc: 0000, samples: 2/1
display  D   display_settings.c:377  _al_score_display_settings       [   0.38954] Single Buffer requirement not met.
display  D   display_settings.c:191  debug_display_settings           [   0.38957] color: 16 (rgba 5650), depth: 24, stencil: 8, acc: 0000, samples: 0/0
display  D   display_settings.c:377  _al_score_display_settings       [   0.38961] Single Buffer requirement not met.
display  D   display_settings.c:191  debug_display_settings           [   0.38965] color: 16 (rgba 5650), depth: 24, stencil: 8, acc: 0000, samples: 0/0
display  D   display_settings.c:377  _al_score_display_settings       [   0.38969] Single Buffer requirement not met.
display  D   display_settings.c:191  debug_display_settings           [   0.38972] color: 16 (rgba 5650), depth: 24, stencil: 8, acc: 0000, samples: 2/1
display  D   display_settings.c:377  _al_score_display_settings       [   0.38976] Single Buffer requirement not met.
display  D   display_settings.c:191  debug_display_settings           [   0.38979] color: 16 (rgba 5650), depth: 24, stencil: 0, acc: 0000, samples: 0/0
display  D   display_settings.c:377  _al_score_display_settings       [   0.38983] Single Buffer requirement not met.
display  D   display_settings.c:191  debug_display_settings           [   0.38986] color: 16 (rgba 5650), depth: 24, stencil: 0, acc: 0000, samples: 0/0
display  D   display_settings.c:377  _al_score_display_settings       [   0.38990] Single Buffer requirement not met.
display  D   display_settings.c:191  debug_display_settings           [   0.38994] color: 16 (rgba 5650), depth: 24, stencil: 0, acc: 0000, samples: 2/1
display  D   display_settings.c:377  _al_score_display_settings       [   0.38998] Single Buffer requirement not met.
display  D   display_settings.c:191  debug_display_settings           [   0.39001] color: 16 (rgba 5650), depth: 16, stencil: 0, acc: 0000, samples: 0/0
display  D   display_settings.c:377  _al_score_display_settings       [   0.39005] Single Buffer requirement not met.
display  D   display_settings.c:191  debug_display_settings           [   0.39008] color: 16 (rgba 5650), depth: 16, stencil: 0, acc: 0000, samples: 0/0
display  D   display_settings.c:377  _al_score_display_settings       [   0.39015] Single Buffer requirement not met.
display  D   display_settings.c:191  debug_display_settings           [   0.39019] color: 16 (rgba 5650), depth: 16, stencil: 0, acc: 0000, samples: 2/1
display  D   display_settings.c:377  _al_score_display_settings       [   0.39023] Single Buffer requirement not met.
display  D   display_settings.c:191  debug_display_settings           [   0.39026] color: 32 (rgba 8880), depth: 0, stencil: 0, acc: 0000, samples: 0/0
display  D   display_settings.c:506  _al_score_display_settings       [   0.39038] Score is : 769
display  D   display_settings.c:191  debug_display_settings           [   0.39041] color: 32 (rgba 8880), depth: 0, stencil: 0, acc: 0000, samples: 0/0
display  D   display_settings.c:506  _al_score_display_settings       [   0.39045] Score is : 769
display  D   display_settings.c:191  debug_display_settings           [   0.39049] color: 32 (rgba 8880), depth: 0, stencil: 0, acc: 0000, samples: 2/1
display  D   display_settings.c:506  _al_score_display_settings       [   0.39053] Score is : 598
display  D   display_settings.c:191  debug_display_settings           [   0.39056] color: 32 (rgba 8880), depth: 24, stencil: 8, acc: 0000, samples: 0/0
display  D   display_settings.c:506  _al_score_display_settings       [   0.39060] Score is : 769
display  D   display_settings.c:191  debug_display_settings           [   0.39063] color: 32 (rgba 8880), depth: 24, stencil: 8, acc: 0000, samples: 0/0
display  D   display_settings.c:506  _al_score_display_settings       [   0.39067] Score is : 769
display  D   display_settings.c:191  debug_display_settings           [   0.39070] color: 32 (rgba 8880), depth: 24, stencil: 8, acc: 0000, samples: 2/1
display  D   display_settings.c:506  _al_score_display_settings       [   0.39074] Score is : 598
display  D   display_settings.c:191  debug_display_settings           [   0.39078] color: 32 (rgba 8880), depth: 24, stencil: 0, acc: 0000, samples: 0/0
display  D   display_settings.c:506  _al_score_display_settings       [   0.39082] Score is : 769
display  D   display_settings.c:191  debug_display_settings           [   0.39085] color: 32 (rgba 8880), depth: 24, stencil: 0, acc: 0000, samples: 0/0
display  D   display_settings.c:506  _al_score_display_settings       [   0.39089] Score is : 769
display  D   display_settings.c:191  debug_display_settings           [   0.39092] color: 32 (rgba 8880), depth: 24, stencil: 0, acc: 0000, samples: 2/1
display  D   display_settings.c:506  _al_score_display_settings       [   0.39096] Score is : 598
display  D   display_settings.c:191  debug_display_settings           [   0.39099] color: 32 (rgba 8880), depth: 16, stencil: 0, acc: 0000, samples: 0/0
display  D   display_settings.c:506  _al_score_display_settings       [   0.39103] Score is : 769
display  D   display_settings.c:191  debug_display_settings           [   0.39106] color: 32 (rgba 8880), depth: 16, stencil: 0, acc: 0000, samples: 0/0
display  D   display_settings.c:506  _al_score_display_settings       [   0.39111] Score is : 769
display  D   display_settings.c:191  debug_display_settings           [   0.39144] color: 32 (rgba 8880), depth: 16, stencil: 0, acc: 0000, samples: 2/1
display  D   display_settings.c:506  _al_score_display_settings       [   0.39149] Score is : 598
display  D   display_settings.c:191  debug_display_settings           [   0.39152] color: 16 (rgba 5650), depth: 0, stencil: 0, acc: 0000, samples: 0/0
display  D   display_settings.c:506  _al_score_display_settings       [   0.39156] Score is : 769
display  D   display_settings.c:191  debug_display_settings           [   0.39159] color: 16 (rgba 5650), depth: 0, stencil: 0, acc: 0000, samples: 0/0
display  D   display_settings.c:506  _al_score_display_settings       [   0.39163] Score is : 769
display  D   display_settings.c:191  debug_display_settings           [   0.39167] color: 16 (rgba 5650), depth: 0, stencil: 0, acc: 0000, samples: 2/1
display  D   display_settings.c:506  _al_score_display_settings       [   0.39171] Score is : 598
display  D   display_settings.c:191  debug_display_settings           [   0.39174] color: 16 (rgba 5650), depth: 24, stencil: 8, acc: 0000, samples: 0/0
display  D   display_settings.c:506  _al_score_display_settings       [   0.39178] Score is : 769
display  D   display_settings.c:191  debug_display_settings           [   0.39181] color: 16 (rgba 5650), depth: 24, stencil: 8, acc: 0000, samples: 0/0
display  D   display_settings.c:506  _al_score_display_settings       [   0.39185] Score is : 769
display  D   display_settings.c:191  debug_display_settings           [   0.39189] color: 16 (rgba 5650), depth: 24, stencil: 8, acc: 0000, samples: 2/1
display  D   display_settings.c:506  _al_score_display_settings       [   0.39193] Score is : 598
display  D   display_settings.c:191  debug_display_settings           [   0.39197] color: 16 (rgba 5650), depth: 24, stencil: 0, acc: 0000, samples: 0/0
display  D   display_settings.c:506  _al_score_display_settings       [   0.39201] Score is : 769
display  D   display_settings.c:191  debug_display_settings           [   0.39204] color: 16 (rgba 5650), depth: 24, stencil: 0, acc: 0000, samples: 0/0
display  D   display_settings.c:506  _al_score_display_settings       [   0.39208] Score is : 769
display  D   display_settings.c:191  debug_display_settings           [   0.39211] color: 16 (rgba 5650), depth: 24, stencil: 0, acc: 0000, samples: 2/1
display  D   display_settings.c:506  _al_score_display_settings       [   0.39216] Score is : 598
display  D   display_settings.c:191  debug_display_settings           [   0.39219] color: 16 (rgba 5650), depth: 16, stencil: 0, acc: 0000, samples: 0/0
display  D   display_settings.c:506  _al_score_display_settings       [   0.39223] Score is : 769
display  D   display_settings.c:191  debug_display_settings           [   0.39226] color: 16 (rgba 5650), depth: 16, stencil: 0, acc: 0000, samples: 0/0
display  D   display_settings.c:506  _al_score_display_settings       [   0.39230] Score is : 769
display  D   display_settings.c:191  debug_display_settings           [   0.39233] color: 16 (rgba 5650), depth: 16, stencil: 0, acc: 0000, samples: 2/1
display  D   display_settings.c:506  _al_score_display_settings       [   0.39237] Score is : 598
display  D   display_settings.c:191  debug_display_settings           [   0.39241] color: 32 (rgba 8880), depth: 0, stencil: 0, acc: 0000, samples: 0/0
display  D   display_settings.c:377  _al_score_display_settings       [   0.39245] Single Buffer requirement not met.
display  D   display_settings.c:191  debug_display_settings           [   0.39248] color: 32 (rgba 8880), depth: 0, stencil: 0, acc: 0000, samples: 0/0
display  D   display_settings.c:377  _al_score_display_settings       [   0.39252] Single Buffer requirement not met.
display  D   display_settings.c:191  debug_display_settings           [   0.39255] color: 32 (rgba 8880), depth: 0, stencil: 0, acc: 0000, samples: 2/1
display  D   display_settings.c:377  _al_score_display_settings       [   0.39259] Single Buffer requirement not met.
display  D   display_settings.c:191  debug_display_settings           [   0.39263] color: 32 (rgba 8880), depth: 24, stencil: 8, acc: 0000, samples: 0/0
display  D   display_settings.c:377  _al_score_display_settings       [   0.39267] Single Buffer requirement not met.
display  D   display_settings.c:191  debug_display_settings           [   0.39270] color: 32 (rgba 8880), depth: 24, stencil: 8, acc: 0000, samples: 0/0
display  D   display_settings.c:377  _al_score_display_settings       [   0.39274] Single Buffer requirement not met.
display  D   display_settings.c:191  debug_display_settings           [   0.39278] color: 32 (rgba 8880), depth: 24, stencil: 8, acc: 0000, samples: 2/1
display  D   display_settings.c:377  _al_score_display_settings       [   0.39282] Single Buffer requirement not met.
display  D   display_settings.c:191  debug_display_settings           [   0.39285] color: 32 (rgba 8880), depth: 24, stencil: 0, acc: 0000, samples: 0/0
display  D   display_settings.c:377  _al_score_display_settings       [   0.39289] Single Buffer requirement not met.
display  D   display_settings.c:191  debug_display_settings           [   0.39292] color: 32 (rgba 8880), depth: 24, stencil: 0, acc: 0000, samples: 0/0
display  D   display_settings.c:377  _al_score_display_settings       [   0.39296] Single Buffer requirement not met.
display  D   display_settings.c:191  debug_display_settings           [   0.39300] color: 32 (rgba 8880), depth: 24, stencil: 0, acc: 0000, samples: 2/1
display  D   display_settings.c:377  _al_score_display_settings       [   0.39304] Single Buffer requirement not met.
display  D   display_settings.c:191  debug_display_settings           [   0.39308] color: 32 (rgba 8880), depth: 16, stencil: 0, acc: 0000, samples: 0/0
display  D   display_settings.c:377  _al_score_display_settings       [   0.39339] Single Buffer requirement not met.
display  D   display_settings.c:191  debug_display_settings           [   0.39343] color: 32 (rgba 8880), depth: 16, stencil: 0, acc: 0000, samples: 0/0
display  D   display_settings.c:377  _al_score_display_settings       [   0.39347] Single Buffer requirement not met.
display  D   display_settings.c:191  debug_display_settings           [   0.39350] color: 32 (rgba 8880), depth: 16, stencil: 0, acc: 0000, samples: 2/1
display  D   display_settings.c:377  _al_score_display_settings       [   0.39355] Single Buffer requirement not met.
display  D   display_settings.c:191  debug_display_settings           [   0.39358] color: 16 (rgba 5650), depth: 0, stencil: 0, acc: 0000, samples: 0/0
display  D   display_settings.c:377  _al_score_display_settings       [   0.39362] Single Buffer requirement not met.
display  D   display_settings.c:191  debug_display_settings           [   0.39365] color: 16 (rgba 5650), depth: 0, stencil: 0, acc: 0000, samples: 0/0
display  D   display_settings.c:377  _al_score_display_settings       [   0.39369] Single Buffer requirement not met.
display  D   display_settings.c:191  debug_display_settings           [   0.39372] color: 16 (rgba 5650), depth: 0, stencil: 0, acc: 0000, samples: 2/1
display  D   display_settings.c:377  _al_score_display_settings       [   0.39377] Single Buffer requirement not met.
display  D   display_settings.c:191  debug_display_settings           [   0.39380] color: 16 (rgba 5650), depth: 24, stencil: 8, acc: 0000, samples: 0/0
display  D   display_settings.c:377  _al_score_display_settings       [   0.39384] Single Buffer requirement not met.
display  D   display_settings.c:191  debug_display_settings           [   0.39387] color: 16 (rgba 5650), depth: 24, stencil: 8, acc: 0000, samples: 0/0
display  D   display_settings.c:377  _al_score_display_settings       [   0.39391] Single Buffer requirement not met.
display  D   display_settings.c:191  debug_display_settings           [   0.39395] color: 16 (rgba 5650), depth: 24, stencil: 8, acc: 0000, samples: 2/1
display  D   display_settings.c:377  _al_score_display_settings       [   0.39399] Single Buffer requirement not met.
display  D   display_settings.c:191  debug_display_settings           [   0.39402] color: 16 (rgba 5650), depth: 24, stencil: 0, acc: 0000, samples: 0/0
display  D   display_settings.c:377  _al_score_display_settings       [   0.39406] Single Buffer requirement not met.
display  D   display_settings.c:191  debug_display_settings           [   0.39410] color: 16 (rgba 5650), depth: 24, stencil: 0, acc: 0000, samples: 0/0
display  D   display_settings.c:377  _al_score_display_settings       [   0.39414] Single Buffer requirement not met.
display  D   display_settings.c:191  debug_display_settings           [   0.39417] color: 16 (rgba 5650), depth: 24, stencil: 0, acc: 0000, samples: 2/1
display  D   display_settings.c:377  _al_score_display_settings       [   0.39421] Single Buffer requirement not met.
display  D   display_settings.c:191  debug_display_settings           [   0.39424] color: 16 (rgba 5650), depth: 16, stencil: 0, acc: 0000, samples: 0/0
display  D   display_settings.c:377  _al_score_display_settings       [   0.39429] Single Buffer requirement not met.
display  D   display_settings.c:191  debug_display_settings           [   0.39432] color: 16 (rgba 5650), depth: 16, stencil: 0, acc: 0000, samples: 0/0
display  D   display_settings.c:377  _al_score_display_settings       [   0.39436] Single Buffer requirement not met.
display  D   display_settings.c:191  debug_display_settings           [   0.39439] color: 16 (rgba 5650), depth: 16, stencil: 0, acc: 0000, samples: 2/1
display  D   display_settings.c:377  _al_score_display_settings       [   0.39444] Single Buffer requirement not met.
d3d      D         d3d_disp.cpp:1640 d3d_create_display_internals     [   0.39453] Trying format 0.
d3d      I         d3d_disp.cpp:1325 d3d_display_thread_proc          [   0.45193] Chose a display format: 23
d3d      I         d3d_disp.cpp:1394 d3d_display_thread_proc          [   0.45203] Normal window.
d3d      I         d3d_disp.cpp:800  d3d_create_device                [   0.46767] Using no depth stencil buffer
d3d      D         d3d_disp.cpp:865  d3d_create_device                [   0.81253] BeginScene succeeded in create_device
d3d      D         d3d_disp.cpp:873  d3d_create_device                [   0.81262] Success
d3d      D         d3d_disp.cpp:1663 d3d_create_display_internals     [   0.81267] Resumed after wait.
d3d      I         d3d_disp.cpp:1696 d3d_create_display_internals     [   0.81276] Format 0 succeeded.
d3d      D         d3d_disp.cpp:1719 d3d_create_display_internals     [   0.81282] Returning d3d_display: 0078D8D0
d3d      D         d3d_disp.cpp:1744 d3d_create_display_locked        [   0.81286] al_display=0078D8D0
d3d      D         d3d_disp.cpp:1745 d3d_create_display_locked        [   0.81289] al_display->vt=0078D808
dtor     D               dtor.c:184  _al_register_destructor          [   0.81631] added dtor for object 0083E200, func 560D278E
dtor     D               dtor.c:184  _al_register_destructor          [   0.81645] added dtor for object 0083E448, func 560D24BE
d3d      D         d3d_disp.cpp:1165 real_choose_bitmap_format        [   0.82524] Fake format
d3d      D         d3d_disp.cpp:1165 real_choose_bitmap_format        [   0.82533] Fake format
d3d      D         d3d_disp.cpp:1165 real_choose_bitmap_format        [   0.82536] Fake format
d3d      D         d3d_disp.cpp:1165 real_choose_bitmap_format        [   0.82539] Fake format
d3d      D         d3d_disp.cpp:1165 real_choose_bitmap_format        [   0.82542] Fake format
d3d      D         d3d_disp.cpp:1165 real_choose_bitmap_format        [   0.82545] Fake format
d3d      D         d3d_disp.cpp:1165 real_choose_bitmap_format        [   0.82548] Fake format
d3d      D         d3d_disp.cpp:1165 real_choose_bitmap_format        [   0.82552] Fake format
d3d      D         d3d_disp.cpp:1165 real_choose_bitmap_format        [   0.82555] Fake format
d3d      D         d3d_disp.cpp:1173 real_choose_bitmap_format        [   0.82558] Alpha doesn't match
d3d      D         d3d_disp.cpp:1180 real_choose_bitmap_format        [   0.82572] Adapter format is 23
d3d      D         d3d_disp.cpp:1183 real_choose_bitmap_format        [   0.82581] Found a format
d3d      I         d3d_disp.cpp:2289 _al_d3d_create_bitmap            [   0.82584] Chose bitmap format 9
dtor     D               dtor.c:184  _al_register_destructor          [   0.82709] added dtor for object 00842718, func 560D2581
d3d      D          d3d_bmp.cpp:455  _al_d3d_sync_bitmap              [   0.83529] _al_d3d_sync_bitmap (system) ref count == 1
d3d      D          d3d_bmp.cpp:460  _al_d3d_sync_bitmap              [   0.83540] _al_d3d_sync_bitmap (video) ref count == 1
d3d      D          d3d_bmp.cpp:455  _al_d3d_sync_bitmap              [   0.92276] _al_d3d_sync_bitmap (system) ref count == 1
d3d      D          d3d_bmp.cpp:460  _al_d3d_sync_bitmap              [   0.92284] _al_d3d_sync_bitmap (video) ref count == 1
dtor     D               dtor.c:214  _al_unregister_destructor        [  15.03455] removed dtor for object 00842718
dtor     D               dtor.c:214  _al_unregister_destructor        [  15.04822] removed dtor for object 0083E448
dtor     D               dtor.c:214  _al_unregister_destructor        [  15.04835] removed dtor for object 0083E200
d3d      I         d3d_disp.cpp:920  d3d_destroy_display              [  15.04845] destroying display 0078D8D0 (current 00000000)
d3d      D         d3d_disp.cpp:904  d3d_destroy_display_internals    [  15.04856] waiting for display 0078D8D0's thread to end
d3d      W         d3d_disp.cpp:616  d3d_destroy_device               [  15.06619] d3d_destroy_device: ref count not 0
d3d      I         d3d_disp.cpp:1522 d3d_display_thread_proc          [  15.10275] d3d display thread exits
dtor     D               dtor.c:214  _al_unregister_destructor        [  15.10386] removed dtor for object 0078D650
dtor     D               dtor.c:214  _al_unregister_destructor        [  15.10401] removed dtor for object 0078CFC0
audio-dsound D           dsound.cpp:516  _dsound_stop_voice               [  15.10407] Stopping voice
audio-dsound D           dsound.cpp:532  _dsound_stop_voice               [  15.10411] Joining thread
audio-dsound D           dsound.cpp:538  _dsound_stop_voice               [  15.10911] Joined thread
audio-dsound D           dsound.cpp:540  _dsound_stop_voice               [  15.10922] Destroying thread
audio-dsound D           dsound.cpp:542  _dsound_stop_voice               [  15.10935] Thread destroyed
audio-dsound D           dsound.cpp:545  _dsound_stop_voice               [  15.10946] Releasing buffer
audio-dsound I           dsound.cpp:549  _dsound_stop_voice               [  15.10951] Voice stopped
dtor     D               dtor.c:214  _al_unregister_destructor        [  15.10968] removed dtor for object 007A3528
audio-dsound D           dsound.cpp:365  _dsound_deallocate_voice         [  15.10973] Deallocating voice
audio-dsound D           dsound.cpp:370  _dsound_deallocate_voice         [  15.10977] Deallocated voice
audio-dsound D           dsound.cpp:279  _dsound_close                    [  15.10985] Releasing device
audio-dsound D           dsound.cpp:281  _dsound_close                    [  15.13198] Released device
audio-dsound I           dsound.cpp:284  _dsound_close                    [  15.13212] DirectSound closed
