system   D            wsystem.c:583  maybe_parent_dir                 [   0.00155] Also searching C:\Users\Alex\Documents\Visual Studio 2012\Projects\Current_Penguin\
system   D            wsystem.c:633  _al_win_safe_load_library        [   0.00239] PathFindOnPath found: C:\Windows\system32\d3d9.dll
system   D            wsystem.c:544  load_library_at_path             [   0.00255] Calling LoadLibrary C:\Windows\system32\d3d9.dll
system   I            wsystem.c:547  load_library_at_path             [   0.01744] Loaded C:\Windows\system32\d3d9.dll
d3d      I         d3d_disp.cpp:695  _al_d3d_init_display             [   0.13515] Render-to-texture: 1
system   I             system.c:272  al_install_system                [   0.13525] Allegro version: 5.0.8
audio-dsound D           dsound.cpp:234  _dsound_open                     [   0.13789] Loading DirectSound module
system   D            wsystem.c:583  maybe_parent_dir                 [   0.13866] Also searching C:\Users\Alex\Documents\Visual Studio 2012\Projects\Current_Penguin\
system   D            wsystem.c:633  _al_win_safe_load_library        [   0.13927] PathFindOnPath found: C:\Windows\system32\dsound.dll
system   D            wsystem.c:544  load_library_at_path             [   0.13932] Calling LoadLibrary C:\Windows\system32\dsound.dll
system   I            wsystem.c:547  load_library_at_path             [   0.14631] Loaded C:\Windows\system32\dsound.dll
audio-dsound I           dsound.cpp:251  _dsound_open                     [   0.14657] Starting DirectSound...
audio-dsound D           dsound.cpp:261  _dsound_open                     [   0.20762] DirectSoundCreate8 succeeded
audio    I              audio.c:286  do_install_audio                 [   0.21276] Using DirectSound driver
audio-dsound D           dsound.cpp:296  _dsound_allocate_voice           [   0.21297] Allocating voice
audio-dsound D           dsound.cpp:355  _dsound_allocate_voice           [   0.21302] Allocated voice
dtor     D               dtor.c:184  _al_register_destructor          [   0.21306] added dtor for object 00C0F090, func 697124FF
dtor     D               dtor.c:184  _al_register_destructor          [   0.21312] added dtor for object 00C20E10, func 697128FB
audio-dsound D           dsound.cpp:452  _dsound_start_voice              [   0.21317] Starting voice
audio-dsound D           dsound.cpp:481  _dsound_start_voice              [   0.21320] CreateSoundBuffer
audio-dsound D           dsound.cpp:490  _dsound_start_voice              [   0.21643] CreateSoundBuffer succeeded
audio-dsound D           dsound.cpp:496  _dsound_start_voice              [   0.21653] Starting _dsound_update thread
audio-dsound I           dsound.cpp:506  _dsound_start_voice              [   0.21671] Voice started
dtor     D               dtor.c:184  _al_register_destructor          [   0.21680] added dtor for object 00C214E0, func 697123D8
audio    D          kcm_mixer.c:121  _al_rechannel_matrix             [   0.21686] sample matrix:
audio    D          kcm_mixer.c:127  _al_rechannel_matrix             [   0.21689] 
audio    D          kcm_mixer.c:127  _al_rechannel_matrix             [   0.21692] 
d3d      I         d3d_disp.cpp:1732 d3d_create_display_locked        [   0.22740] faux_fullscreen=0
d3d      D         d3d_disp.cpp:1733 d3d_create_display_locked        [   0.22749] al_display=00C2E6A8
d3d      D         d3d_disp.cpp:1734 d3d_create_display_locked        [   0.22753] al_display->vt=00C2E5E0
d3d      I d3d_display_formats.cpp:144  _al_d3d_generate_display_format_list [   0.29169] found 96 format combinations
display  D   display_settings.c:191  debug_display_settings           [   0.29178] color: 32 (rgba 8880), depth: 0, stencil: 0, acc: 0000, samples: 0/0
display  D   display_settings.c:506  _al_score_display_settings       [   0.29183] Score is : 897
display  D   display_settings.c:191  debug_display_settings           [   0.29186] color: 32 (rgba 8880), depth: 0, stencil: 0, acc: 0000, samples: 0/0
display  D   display_settings.c:506  _al_score_display_settings       [   0.29191] Score is : 897
display  D   display_settings.c:191  debug_display_settings           [   0.29207] color: 32 (rgba 8880), depth: 0, stencil: 0, acc: 0000, samples: 2/1
display  D   display_settings.c:506  _al_score_display_settings       [   0.29212] Score is : 726
display  D   display_settings.c:191  debug_display_settings           [   0.29215] color: 32 (rgba 8880), depth: 24, stencil: 8, acc: 0000, samples: 0/0
display  D   display_settings.c:506  _al_score_display_settings       [   0.29219] Score is : 897
display  D   display_settings.c:191  debug_display_settings           [   0.29222] color: 32 (rgba 8880), depth: 24, stencil: 8, acc: 0000, samples: 0/0
display  D   display_settings.c:506  _al_score_display_settings       [   0.29226] Score is : 897
display  D   display_settings.c:191  debug_display_settings           [   0.29229] color: 32 (rgba 8880), depth: 24, stencil: 8, acc: 0000, samples: 2/1
display  D   display_settings.c:506  _al_score_display_settings       [   0.29234] Score is : 726
display  D   display_settings.c:191  debug_display_settings           [   0.29237] color: 32 (rgba 8880), depth: 24, stencil: 0, acc: 0000, samples: 0/0
display  D   display_settings.c:506  _al_score_display_settings       [   0.29242] Score is : 897
display  D   display_settings.c:191  debug_display_settings           [   0.29245] color: 32 (rgba 8880), depth: 24, stencil: 0, acc: 0000, samples: 0/0
display  D   display_settings.c:506  _al_score_display_settings       [   0.29249] Score is : 897
display  D   display_settings.c:191  debug_display_settings           [   0.29252] color: 32 (rgba 8880), depth: 24, stencil: 0, acc: 0000, samples: 2/1
display  D   display_settings.c:506  _al_score_display_settings       [   0.29256] Score is : 726
display  D   display_settings.c:191  debug_display_settings           [   0.29259] color: 32 (rgba 8880), depth: 16, stencil: 0, acc: 0000, samples: 0/0
display  D   display_settings.c:506  _al_score_display_settings       [   0.29263] Score is : 897
display  D   display_settings.c:191  debug_display_settings           [   0.29266] color: 32 (rgba 8880), depth: 16, stencil: 0, acc: 0000, samples: 0/0
display  D   display_settings.c:506  _al_score_display_settings       [   0.29271] Score is : 897
display  D   display_settings.c:191  debug_display_settings           [   0.29274] color: 32 (rgba 8880), depth: 16, stencil: 0, acc: 0000, samples: 2/1
display  D   display_settings.c:506  _al_score_display_settings       [   0.29284] Score is : 726
display  D   display_settings.c:191  debug_display_settings           [   0.29287] color: 16 (rgba 5650), depth: 0, stencil: 0, acc: 0000, samples: 0/0
display  D   display_settings.c:506  _al_score_display_settings       [   0.29291] Score is : 897
display  D   display_settings.c:191  debug_display_settings           [   0.29294] color: 16 (rgba 5650), depth: 0, stencil: 0, acc: 0000, samples: 0/0
display  D   display_settings.c:506  _al_score_display_settings       [   0.29298] Score is : 897
display  D   display_settings.c:191  debug_display_settings           [   0.29302] color: 16 (rgba 5650), depth: 0, stencil: 0, acc: 0000, samples: 2/1
display  D   display_settings.c:506  _al_score_display_settings       [   0.29306] Score is : 726
display  D   display_settings.c:191  debug_display_settings           [   0.29309] color: 16 (rgba 5650), depth: 24, stencil: 8, acc: 0000, samples: 0/0
display  D   display_settings.c:506  _al_score_display_settings       [   0.29313] Score is : 897
display  D   display_settings.c:191  debug_display_settings           [   0.29316] color: 16 (rgba 5650), depth: 24, stencil: 8, acc: 0000, samples: 0/0
display  D   display_settings.c:506  _al_score_display_settings       [   0.29320] Score is : 897
display  D   display_settings.c:191  debug_display_settings           [   0.29323] color: 16 (rgba 5650), depth: 24, stencil: 8, acc: 0000, samples: 2/1
display  D   display_settings.c:506  _al_score_display_settings       [   0.29327] Score is : 726
display  D   display_settings.c:191  debug_display_settings           [   0.29330] color: 16 (rgba 5650), depth: 24, stencil: 0, acc: 0000, samples: 0/0
display  D   display_settings.c:506  _al_score_display_settings       [   0.29335] Score is : 897
display  D   display_settings.c:191  debug_display_settings           [   0.29339] color: 16 (rgba 5650), depth: 24, stencil: 0, acc: 0000, samples: 0/0
display  D   display_settings.c:506  _al_score_display_settings       [   0.29343] Score is : 897
display  D   display_settings.c:191  debug_display_settings           [   0.29346] color: 16 (rgba 5650), depth: 24, stencil: 0, acc: 0000, samples: 2/1
display  D   display_settings.c:506  _al_score_display_settings       [   0.29350] Score is : 726
display  D   display_settings.c:191  debug_display_settings           [   0.29353] color: 16 (rgba 5650), depth: 16, stencil: 0, acc: 0000, samples: 0/0
display  D   display_settings.c:506  _al_score_display_settings       [   0.29357] Score is : 897
display  D   display_settings.c:191  debug_display_settings           [   0.29360] color: 16 (rgba 5650), depth: 16, stencil: 0, acc: 0000, samples: 0/0
display  D   display_settings.c:506  _al_score_display_settings       [   0.29364] Score is : 897
display  D   display_settings.c:191  debug_display_settings           [   0.29367] color: 16 (rgba 5650), depth: 16, stencil: 0, acc: 0000, samples: 2/1
display  D   display_settings.c:506  _al_score_display_settings       [   0.29371] Score is : 726
display  D   display_settings.c:191  debug_display_settings           [   0.29374] color: 32 (rgba 8880), depth: 0, stencil: 0, acc: 0000, samples: 0/0
display  D   display_settings.c:377  _al_score_display_settings       [   0.29379] Single Buffer requirement not met.
display  D   display_settings.c:191  debug_display_settings           [   0.29382] color: 32 (rgba 8880), depth: 0, stencil: 0, acc: 0000, samples: 0/0
display  D   display_settings.c:377  _al_score_display_settings       [   0.29386] Single Buffer requirement not met.
display  D   display_settings.c:191  debug_display_settings           [   0.29389] color: 32 (rgba 8880), depth: 0, stencil: 0, acc: 0000, samples: 2/1
display  D   display_settings.c:377  _al_score_display_settings       [   0.29393] Single Buffer requirement not met.
display  D   display_settings.c:191  debug_display_settings           [   0.29396] color: 32 (rgba 8880), depth: 24, stencil: 8, acc: 0000, samples: 0/0
display  D   display_settings.c:377  _al_score_display_settings       [   0.29400] Single Buffer requirement not met.
display  D   display_settings.c:191  debug_display_settings           [   0.29404] color: 32 (rgba 8880), depth: 24, stencil: 8, acc: 0000, samples: 0/0
display  D   display_settings.c:377  _al_score_display_settings       [   0.29408] Single Buffer requirement not met.
display  D   display_settings.c:191  debug_display_settings           [   0.29411] color: 32 (rgba 8880), depth: 24, stencil: 8, acc: 0000, samples: 2/1
display  D   display_settings.c:377  _al_score_display_settings       [   0.29415] Single Buffer requirement not met.
display  D   display_settings.c:191  debug_display_settings           [   0.29418] color: 32 (rgba 8880), depth: 24, stencil: 0, acc: 0000, samples: 0/0
display  D   display_settings.c:377  _al_score_display_settings       [   0.29423] Single Buffer requirement not met.
display  D   display_settings.c:191  debug_display_settings           [   0.29426] color: 32 (rgba 8880), depth: 24, stencil: 0, acc: 0000, samples: 0/0
display  D   display_settings.c:377  _al_score_display_settings       [   0.29430] Single Buffer requirement not met.
display  D   display_settings.c:191  debug_display_settings           [   0.29433] color: 32 (rgba 8880), depth: 24, stencil: 0, acc: 0000, samples: 2/1
display  D   display_settings.c:377  _al_score_display_settings       [   0.29438] Single Buffer requirement not met.
display  D   display_settings.c:191  debug_display_settings           [   0.29441] color: 32 (rgba 8880), depth: 16, stencil: 0, acc: 0000, samples: 0/0
display  D   display_settings.c:377  _al_score_display_settings       [   0.29446] Single Buffer requirement not met.
display  D   display_settings.c:191  debug_display_settings           [   0.29449] color: 32 (rgba 8880), depth: 16, stencil: 0, acc: 0000, samples: 0/0
display  D   display_settings.c:377  _al_score_display_settings       [   0.29453] Single Buffer requirement not met.
display  D   display_settings.c:191  debug_display_settings           [   0.29456] color: 32 (rgba 8880), depth: 16, stencil: 0, acc: 0000, samples: 2/1
display  D   display_settings.c:377  _al_score_display_settings       [   0.29461] Single Buffer requirement not met.
display  D   display_settings.c:191  debug_display_settings           [   0.29464] color: 16 (rgba 5650), depth: 0, stencil: 0, acc: 0000, samples: 0/0
display  D   display_settings.c:377  _al_score_display_settings       [   0.29468] Single Buffer requirement not met.
display  D   display_settings.c:191  debug_display_settings           [   0.29475] color: 16 (rgba 5650), depth: 0, stencil: 0, acc: 0000, samples: 0/0
display  D   display_settings.c:377  _al_score_display_settings       [   0.29479] Single Buffer requirement not met.
display  D   display_settings.c:191  debug_display_settings           [   0.29482] color: 16 (rgba 5650), depth: 0, stencil: 0, acc: 0000, samples: 2/1
display  D   display_settings.c:377  _al_score_display_settings       [   0.29486] Single Buffer requirement not met.
display  D   display_settings.c:191  debug_display_settings           [   0.29492] color: 16 (rgba 5650), depth: 24, stencil: 8, acc: 0000, samples: 0/0
display  D   display_settings.c:377  _al_score_display_settings       [   0.29496] Single Buffer requirement not met.
display  D   display_settings.c:191  debug_display_settings           [   0.29501] color: 16 (rgba 5650), depth: 24, stencil: 8, acc: 0000, samples: 0/0
display  D   display_settings.c:377  _al_score_display_settings       [   0.29506] Single Buffer requirement not met.
display  D   display_settings.c:191  debug_display_settings           [   0.29511] color: 16 (rgba 5650), depth: 24, stencil: 8, acc: 0000, samples: 2/1
display  D   display_settings.c:377  _al_score_display_settings       [   0.29515] Single Buffer requirement not met.
display  D   display_settings.c:191  debug_display_settings           [   0.29518] color: 16 (rgba 5650), depth: 24, stencil: 0, acc: 0000, samples: 0/0
display  D   display_settings.c:377  _al_score_display_settings       [   0.29523] Single Buffer requirement not met.
display  D   display_settings.c:191  debug_display_settings           [   0.29528] color: 16 (rgba 5650), depth: 24, stencil: 0, acc: 0000, samples: 0/0
display  D   display_settings.c:377  _al_score_display_settings       [   0.29537] Single Buffer requirement not met.
display  D   display_settings.c:191  debug_display_settings           [   0.29541] color: 16 (rgba 5650), depth: 24, stencil: 0, acc: 0000, samples: 2/1
display  D   display_settings.c:377  _al_score_display_settings       [   0.29547] Single Buffer requirement not met.
display  D   display_settings.c:191  debug_display_settings           [   0.29552] color: 16 (rgba 5650), depth: 16, stencil: 0, acc: 0000, samples: 0/0
display  D   display_settings.c:377  _al_score_display_settings       [   0.29557] Single Buffer requirement not met.
display  D   display_settings.c:191  debug_display_settings           [   0.29562] color: 16 (rgba 5650), depth: 16, stencil: 0, acc: 0000, samples: 0/0
display  D   display_settings.c:377  _al_score_display_settings       [   0.29566] Single Buffer requirement not met.
display  D   display_settings.c:191  debug_display_settings           [   0.29570] color: 16 (rgba 5650), depth: 16, stencil: 0, acc: 0000, samples: 2/1
display  D   display_settings.c:377  _al_score_display_settings       [   0.29574] Single Buffer requirement not met.
display  D   display_settings.c:191  debug_display_settings           [   0.29578] color: 32 (rgba 8880), depth: 0, stencil: 0, acc: 0000, samples: 0/0
display  D   display_settings.c:506  _al_score_display_settings       [   0.29589] Score is : 769
display  D   display_settings.c:191  debug_display_settings           [   0.29593] color: 32 (rgba 8880), depth: 0, stencil: 0, acc: 0000, samples: 0/0
display  D   display_settings.c:506  _al_score_display_settings       [   0.29597] Score is : 769
display  D   display_settings.c:191  debug_display_settings           [   0.29600] color: 32 (rgba 8880), depth: 0, stencil: 0, acc: 0000, samples: 2/1
display  D   display_settings.c:506  _al_score_display_settings       [   0.29604] Score is : 598
display  D   display_settings.c:191  debug_display_settings           [   0.29607] color: 32 (rgba 8880), depth: 24, stencil: 8, acc: 0000, samples: 0/0
display  D   display_settings.c:506  _al_score_display_settings       [   0.29612] Score is : 769
display  D   display_settings.c:191  debug_display_settings           [   0.29615] color: 32 (rgba 8880), depth: 24, stencil: 8, acc: 0000, samples: 0/0
display  D   display_settings.c:506  _al_score_display_settings       [   0.29619] Score is : 769
display  D   display_settings.c:191  debug_display_settings           [   0.29622] color: 32 (rgba 8880), depth: 24, stencil: 8, acc: 0000, samples: 2/1
display  D   display_settings.c:506  _al_score_display_settings       [   0.29626] Score is : 598
display  D   display_settings.c:191  debug_display_settings           [   0.29629] color: 32 (rgba 8880), depth: 24, stencil: 0, acc: 0000, samples: 0/0
display  D   display_settings.c:506  _al_score_display_settings       [   0.29634] Score is : 769
display  D   display_settings.c:191  debug_display_settings           [   0.29637] color: 32 (rgba 8880), depth: 24, stencil: 0, acc: 0000, samples: 0/0
display  D   display_settings.c:506  _al_score_display_settings       [   0.29641] Score is : 769
display  D   display_settings.c:191  debug_display_settings           [   0.29644] color: 32 (rgba 8880), depth: 24, stencil: 0, acc: 0000, samples: 2/1
display  D   display_settings.c:506  _al_score_display_settings       [   0.29648] Score is : 598
display  D   display_settings.c:191  debug_display_settings           [   0.29652] color: 32 (rgba 8880), depth: 16, stencil: 0, acc: 0000, samples: 0/0
display  D   display_settings.c:506  _al_score_display_settings       [   0.29656] Score is : 769
display  D   display_settings.c:191  debug_display_settings           [   0.29659] color: 32 (rgba 8880), depth: 16, stencil: 0, acc: 0000, samples: 0/0
display  D   display_settings.c:506  _al_score_display_settings       [   0.29663] Score is : 769
display  D   display_settings.c:191  debug_display_settings           [   0.29667] color: 32 (rgba 8880), depth: 16, stencil: 0, acc: 0000, samples: 2/1
display  D   display_settings.c:506  _al_score_display_settings       [   0.29671] Score is : 598
display  D   display_settings.c:191  debug_display_settings           [   0.29674] color: 16 (rgba 5650), depth: 0, stencil: 0, acc: 0000, samples: 0/0
display  D   display_settings.c:506  _al_score_display_settings       [   0.29678] Score is : 769
display  D   display_settings.c:191  debug_display_settings           [   0.29681] color: 16 (rgba 5650), depth: 0, stencil: 0, acc: 0000, samples: 0/0
display  D   display_settings.c:506  _al_score_display_settings       [   0.29685] Score is : 769
display  D   display_settings.c:191  debug_display_settings           [   0.29688] color: 16 (rgba 5650), depth: 0, stencil: 0, acc: 0000, samples: 2/1
display  D   display_settings.c:506  _al_score_display_settings       [   0.29692] Score is : 598
display  D   display_settings.c:191  debug_display_settings           [   0.29695] color: 16 (rgba 5650), depth: 24, stencil: 8, acc: 0000, samples: 0/0
display  D   display_settings.c:506  _al_score_display_settings       [   0.29699] Score is : 769
display  D   display_settings.c:191  debug_display_settings           [   0.29702] color: 16 (rgba 5650), depth: 24, stencil: 8, acc: 0000, samples: 0/0
display  D   display_settings.c:506  _al_score_display_settings       [   0.29707] Score is : 769
display  D   display_settings.c:191  debug_display_settings           [   0.29710] color: 16 (rgba 5650), depth: 24, stencil: 8, acc: 0000, samples: 2/1
display  D   display_settings.c:506  _al_score_display_settings       [   0.29714] Score is : 598
display  D   display_settings.c:191  debug_display_settings           [   0.29718] color: 16 (rgba 5650), depth: 24, stencil: 0, acc: 0000, samples: 0/0
display  D   display_settings.c:506  _al_score_display_settings       [   0.29722] Score is : 769
display  D   display_settings.c:191  debug_display_settings           [   0.29725] color: 16 (rgba 5650), depth: 24, stencil: 0, acc: 0000, samples: 0/0
display  D   display_settings.c:506  _al_score_display_settings       [   0.29729] Score is : 769
display  D   display_settings.c:191  debug_display_settings           [   0.29732] color: 16 (rgba 5650), depth: 24, stencil: 0, acc: 0000, samples: 2/1
display  D   display_settings.c:506  _al_score_display_settings       [   0.29736] Score is : 598
display  D   display_settings.c:191  debug_display_settings           [   0.29739] color: 16 (rgba 5650), depth: 16, stencil: 0, acc: 0000, samples: 0/0
display  D   display_settings.c:506  _al_score_display_settings       [   0.29744] Score is : 769
display  D   display_settings.c:191  debug_display_settings           [   0.29747] color: 16 (rgba 5650), depth: 16, stencil: 0, acc: 0000, samples: 0/0
display  D   display_settings.c:506  _al_score_display_settings       [   0.29751] Score is : 769
display  D   display_settings.c:191  debug_display_settings           [   0.29754] color: 16 (rgba 5650), depth: 16, stencil: 0, acc: 0000, samples: 2/1
display  D   display_settings.c:506  _al_score_display_settings       [   0.29758] Score is : 598
display  D   display_settings.c:191  debug_display_settings           [   0.29761] color: 32 (rgba 8880), depth: 0, stencil: 0, acc: 0000, samples: 0/0
display  D   display_settings.c:377  _al_score_display_settings       [   0.29765] Single Buffer requirement not met.
display  D   display_settings.c:191  debug_display_settings           [   0.29768] color: 32 (rgba 8880), depth: 0, stencil: 0, acc: 0000, samples: 0/0
display  D   display_settings.c:377  _al_score_display_settings       [   0.29772] Single Buffer requirement not met.
display  D   display_settings.c:191  debug_display_settings           [   0.29775] color: 32 (rgba 8880), depth: 0, stencil: 0, acc: 0000, samples: 2/1
display  D   display_settings.c:377  _al_score_display_settings       [   0.29779] Single Buffer requirement not met.
display  D   display_settings.c:191  debug_display_settings           [   0.29783] color: 32 (rgba 8880), depth: 24, stencil: 8, acc: 0000, samples: 0/0
display  D   display_settings.c:377  _al_score_display_settings       [   0.29787] Single Buffer requirement not met.
display  D   display_settings.c:191  debug_display_settings           [   0.29790] color: 32 (rgba 8880), depth: 24, stencil: 8, acc: 0000, samples: 0/0
display  D   display_settings.c:377  _al_score_display_settings       [   0.29794] Single Buffer requirement not met.
display  D   display_settings.c:191  debug_display_settings           [   0.29797] color: 32 (rgba 8880), depth: 24, stencil: 8, acc: 0000, samples: 2/1
display  D   display_settings.c:377  _al_score_display_settings       [   0.29801] Single Buffer requirement not met.
display  D   display_settings.c:191  debug_display_settings           [   0.29805] color: 32 (rgba 8880), depth: 24, stencil: 0, acc: 0000, samples: 0/0
display  D   display_settings.c:377  _al_score_display_settings       [   0.29809] Single Buffer requirement not met.
display  D   display_settings.c:191  debug_display_settings           [   0.29812] color: 32 (rgba 8880), depth: 24, stencil: 0, acc: 0000, samples: 0/0
display  D   display_settings.c:377  _al_score_display_settings       [   0.29816] Single Buffer requirement not met.
display  D   display_settings.c:191  debug_display_settings           [   0.29819] color: 32 (rgba 8880), depth: 24, stencil: 0, acc: 0000, samples: 2/1
display  D   display_settings.c:377  _al_score_display_settings       [   0.29824] Single Buffer requirement not met.
display  D   display_settings.c:191  debug_display_settings           [   0.29827] color: 32 (rgba 8880), depth: 16, stencil: 0, acc: 0000, samples: 0/0
display  D   display_settings.c:377  _al_score_display_settings       [   0.29831] Single Buffer requirement not met.
display  D   display_settings.c:191  debug_display_settings           [   0.29835] color: 32 (rgba 8880), depth: 16, stencil: 0, acc: 0000, samples: 0/0
display  D   display_settings.c:377  _al_score_display_settings       [   0.29839] Single Buffer requirement not met.
display  D   display_settings.c:191  debug_display_settings           [   0.29842] color: 32 (rgba 8880), depth: 16, stencil: 0, acc: 0000, samples: 2/1
display  D   display_settings.c:377  _al_score_display_settings       [   0.29846] Single Buffer requirement not met.
display  D   display_settings.c:191  debug_display_settings           [   0.29850] color: 16 (rgba 5650), depth: 0, stencil: 0, acc: 0000, samples: 0/0
display  D   display_settings.c:377  _al_score_display_settings       [   0.29854] Single Buffer requirement not met.
display  D   display_settings.c:191  debug_display_settings           [   0.29857] color: 16 (rgba 5650), depth: 0, stencil: 0, acc: 0000, samples: 0/0
display  D   display_settings.c:377  _al_score_display_settings       [   0.29861] Single Buffer requirement not met.
display  D   display_settings.c:191  debug_display_settings           [   0.29864] color: 16 (rgba 5650), depth: 0, stencil: 0, acc: 0000, samples: 2/1
display  D   display_settings.c:377  _al_score_display_settings       [   0.29868] Single Buffer requirement not met.
display  D   display_settings.c:191  debug_display_settings           [   0.29871] color: 16 (rgba 5650), depth: 24, stencil: 8, acc: 0000, samples: 0/0
display  D   display_settings.c:377  _al_score_display_settings       [   0.29875] Single Buffer requirement not met.
display  D   display_settings.c:191  debug_display_settings           [   0.29879] color: 16 (rgba 5650), depth: 24, stencil: 8, acc: 0000, samples: 0/0
display  D   display_settings.c:377  _al_score_display_settings       [   0.29883] Single Buffer requirement not met.
display  D   display_settings.c:191  debug_display_settings           [   0.29886] color: 16 (rgba 5650), depth: 24, stencil: 8, acc: 0000, samples: 2/1
display  D   display_settings.c:377  _al_score_display_settings       [   0.29890] Single Buffer requirement not met.
display  D   display_settings.c:191  debug_display_settings           [   0.29893] color: 16 (rgba 5650), depth: 24, stencil: 0, acc: 0000, samples: 0/0
display  D   display_settings.c:377  _al_score_display_settings       [   0.29897] Single Buffer requirement not met.
display  D   display_settings.c:191  debug_display_settings           [   0.29901] color: 16 (rgba 5650), depth: 24, stencil: 0, acc: 0000, samples: 0/0
display  D   display_settings.c:377  _al_score_display_settings       [   0.29905] Single Buffer requirement not met.
display  D   display_settings.c:191  debug_display_settings           [   0.29908] color: 16 (rgba 5650), depth: 24, stencil: 0, acc: 0000, samples: 2/1
display  D   display_settings.c:377  _al_score_display_settings       [   0.29912] Single Buffer requirement not met.
display  D   display_settings.c:191  debug_display_settings           [   0.29915] color: 16 (rgba 5650), depth: 16, stencil: 0, acc: 0000, samples: 0/0
display  D   display_settings.c:377  _al_score_display_settings       [   0.29919] Single Buffer requirement not met.
display  D   display_settings.c:191  debug_display_settings           [   0.29922] color: 16 (rgba 5650), depth: 16, stencil: 0, acc: 0000, samples: 0/0
display  D   display_settings.c:377  _al_score_display_settings       [   0.29926] Single Buffer requirement not met.
display  D   display_settings.c:191  debug_display_settings           [   0.29930] color: 16 (rgba 5650), depth: 16, stencil: 0, acc: 0000, samples: 2/1
display  D   display_settings.c:377  _al_score_display_settings       [   0.29934] Single Buffer requirement not met.
d3d      D         d3d_disp.cpp:1640 d3d_create_display_internals     [   0.29943] Trying format 0.
d3d      I         d3d_disp.cpp:1325 d3d_display_thread_proc          [   0.31278] Chose a display format: 23
d3d      I         d3d_disp.cpp:1394 d3d_display_thread_proc          [   0.31290] Normal window.
d3d      I         d3d_disp.cpp:800  d3d_create_device                [   0.33030] Using no depth stencil buffer
d3d      D         d3d_disp.cpp:865  d3d_create_device                [   0.66537] BeginScene succeeded in create_device
d3d      D         d3d_disp.cpp:873  d3d_create_device                [   0.66546] Success
d3d      D         d3d_disp.cpp:1663 d3d_create_display_internals     [   0.66552] Resumed after wait.
d3d      I         d3d_disp.cpp:1696 d3d_create_display_internals     [   0.66561] Format 0 succeeded.
d3d      D         d3d_disp.cpp:1719 d3d_create_display_internals     [   0.66567] Returning d3d_display: 00C2E6A8
d3d      D         d3d_disp.cpp:1744 d3d_create_display_locked        [   0.66570] al_display=00C2E6A8
d3d      D         d3d_disp.cpp:1745 d3d_create_display_locked        [   0.66574] al_display->vt=00C2E5E0
dtor     D               dtor.c:184  _al_register_destructor          [   0.66873] added dtor for object 00CD3D38, func 6971278E
dtor     D               dtor.c:184  _al_register_destructor          [   0.66895] added dtor for object 00CD3F80, func 697124BE
d3d      D         d3d_disp.cpp:1165 real_choose_bitmap_format        [   0.68675] Fake format
d3d      D         d3d_disp.cpp:1165 real_choose_bitmap_format        [   0.68683] Fake format
d3d      D         d3d_disp.cpp:1165 real_choose_bitmap_format        [   0.68686] Fake format
d3d      D         d3d_disp.cpp:1165 real_choose_bitmap_format        [   0.68689] Fake format
d3d      D         d3d_disp.cpp:1165 real_choose_bitmap_format        [   0.68692] Fake format
d3d      D         d3d_disp.cpp:1165 real_choose_bitmap_format        [   0.68695] Fake format
d3d      D         d3d_disp.cpp:1165 real_choose_bitmap_format        [   0.68698] Fake format
d3d      D         d3d_disp.cpp:1165 real_choose_bitmap_format        [   0.68701] Fake format
d3d      D         d3d_disp.cpp:1165 real_choose_bitmap_format        [   0.68704] Fake format
d3d      D         d3d_disp.cpp:1173 real_choose_bitmap_format        [   0.68707] Alpha doesn't match
d3d      D         d3d_disp.cpp:1180 real_choose_bitmap_format        [   0.68710] Adapter format is 23
d3d      D         d3d_disp.cpp:1183 real_choose_bitmap_format        [   0.68714] Found a format
d3d      I         d3d_disp.cpp:2289 _al_d3d_create_bitmap            [   0.68717] Chose bitmap format 9
dtor     D               dtor.c:184  _al_register_destructor          [   0.69580] added dtor for object 00CD54A0, func 69712581
d3d      D          d3d_bmp.cpp:455  _al_d3d_sync_bitmap              [   0.84254] _al_d3d_sync_bitmap (system) ref count == 1
d3d      D          d3d_bmp.cpp:460  _al_d3d_sync_bitmap              [   0.84263] _al_d3d_sync_bitmap (video) ref count == 1
d3d      D         d3d_disp.cpp:1165 real_choose_bitmap_format        [   1.04907] Fake format
d3d      D         d3d_disp.cpp:1165 real_choose_bitmap_format        [   1.04914] Fake format
d3d      D         d3d_disp.cpp:1165 real_choose_bitmap_format        [   1.04918] Fake format
d3d      D         d3d_disp.cpp:1165 real_choose_bitmap_format        [   1.04921] Fake format
d3d      D         d3d_disp.cpp:1165 real_choose_bitmap_format        [   1.04924] Fake format
d3d      D         d3d_disp.cpp:1165 real_choose_bitmap_format        [   1.04928] Fake format
d3d      D         d3d_disp.cpp:1165 real_choose_bitmap_format        [   1.04931] Fake format
d3d      D         d3d_disp.cpp:1165 real_choose_bitmap_format        [   1.04934] Fake format
d3d      D         d3d_disp.cpp:1165 real_choose_bitmap_format        [   1.04938] Fake format
d3d      D         d3d_disp.cpp:1173 real_choose_bitmap_format        [   1.04962] Alpha doesn't match
d3d      D         d3d_disp.cpp:1180 real_choose_bitmap_format        [   1.04966] Adapter format is 23
d3d      D         d3d_disp.cpp:1183 real_choose_bitmap_format        [   1.04971] Found a format
d3d      I         d3d_disp.cpp:2289 _al_d3d_create_bitmap            [   1.04975] Chose bitmap format 9
dtor     D               dtor.c:184  _al_register_destructor          [   1.05061] added dtor for object 00CD7820, func 69712581
d3d      D          d3d_bmp.cpp:455  _al_d3d_sync_bitmap              [   1.08120] _al_d3d_sync_bitmap (system) ref count == 1
d3d      D          d3d_bmp.cpp:460  _al_d3d_sync_bitmap              [   1.08133] _al_d3d_sync_bitmap (video) ref count == 1
font     D                ttf.c:786  al_load_ttf_font_stretch_f       [   1.08584] Font Escape.ttf loaded with pixel size 0 x 24.
font     D                ttf.c:788  al_load_ttf_font_stretch_f       [   1.08591]     ascent=22.0, descent=-2.0, height=25.0
dtor     D               dtor.c:184  _al_register_destructor          [   1.08597] added dtor for object 00CD5208, func 69711B45
dtor     D               dtor.c:184  _al_register_destructor          [   1.10838] added dtor for object 00CD9248, func 69712365
audio    D          kcm_mixer.c:121  _al_rechannel_matrix             [   1.14760] sample matrix:
audio    D          kcm_mixer.c:127  _al_rechannel_matrix             [   1.14767]  0.707107 0.000000
audio    D          kcm_mixer.c:127  _al_rechannel_matrix             [   1.14771]  0.000000 0.707107
dtor     D               dtor.c:214  _al_unregister_destructor        [   1.14777] removed dtor for object 00CD9248
d3d      D         d3d_disp.cpp:1165 real_choose_bitmap_format        [   1.16795] Fake format
d3d      D         d3d_disp.cpp:1165 real_choose_bitmap_format        [   1.16802] Fake format
d3d      D         d3d_disp.cpp:1165 real_choose_bitmap_format        [   1.16806] Fake format
d3d      D         d3d_disp.cpp:1165 real_choose_bitmap_format        [   1.16809] Fake format
d3d      D         d3d_disp.cpp:1165 real_choose_bitmap_format        [   1.16812] Fake format
d3d      D         d3d_disp.cpp:1165 real_choose_bitmap_format        [   1.16815] Fake format
d3d      D         d3d_disp.cpp:1165 real_choose_bitmap_format        [   1.16819] Fake format
d3d      D         d3d_disp.cpp:1165 real_choose_bitmap_format        [   1.16822] Fake format
d3d      D         d3d_disp.cpp:1165 real_choose_bitmap_format        [   1.16825] Fake format
d3d      D         d3d_disp.cpp:1173 real_choose_bitmap_format        [   1.16828] Alpha doesn't match
d3d      D         d3d_disp.cpp:1180 real_choose_bitmap_format        [   1.16831] Adapter format is 23
d3d      D         d3d_disp.cpp:1183 real_choose_bitmap_format        [   1.16835] Found a format
d3d      I         d3d_disp.cpp:2289 _al_d3d_create_bitmap            [   1.16838] Chose bitmap format 9
font     D                ttf.c:216  alloc_glyph_region               [   1.17049] glyph 14x20 (16x20)
d3d      D          d3d_bmp.cpp:455  _al_d3d_sync_bitmap              [   1.19711] _al_d3d_sync_bitmap (system) ref count == 1
d3d      D          d3d_bmp.cpp:460  _al_d3d_sync_bitmap              [   1.19726] _al_d3d_sync_bitmap (video) ref count == 2
d3d      D          d3d_bmp.cpp:455  _al_d3d_sync_bitmap              [   1.26515] _al_d3d_sync_bitmap (system) ref count == 1
d3d      D          d3d_bmp.cpp:460  _al_d3d_sync_bitmap              [   1.26525] _al_d3d_sync_bitmap (video) ref count == 1
d3d      D          d3d_bmp.cpp:455  _al_d3d_sync_bitmap              [   1.27239] _al_d3d_sync_bitmap (system) ref count == 1
d3d      D          d3d_bmp.cpp:460  _al_d3d_sync_bitmap              [   1.27252] _al_d3d_sync_bitmap (video) ref count == 1
d3d      D          d3d_bmp.cpp:455  _al_d3d_sync_bitmap              [   1.27764] _al_d3d_sync_bitmap (system) ref count == 1
d3d      D          d3d_bmp.cpp:460  _al_d3d_sync_bitmap              [   1.27773] _al_d3d_sync_bitmap (video) ref count == 2
font     D                ttf.c:216  alloc_glyph_region               [   1.27833] glyph 6x20 (8x20)
d3d      D          d3d_bmp.cpp:455  _al_d3d_sync_bitmap              [   1.28402] _al_d3d_sync_bitmap (system) ref count == 1
d3d      D          d3d_bmp.cpp:460  _al_d3d_sync_bitmap              [   1.28411] _al_d3d_sync_bitmap (video) ref count == 2
font     D                ttf.c:216  alloc_glyph_region               [   1.28491] glyph 13x20 (16x20)
d3d      D          d3d_bmp.cpp:455  _al_d3d_sync_bitmap              [   1.29126] _al_d3d_sync_bitmap (system) ref count == 1
d3d      D          d3d_bmp.cpp:460  _al_d3d_sync_bitmap              [   1.29141] _al_d3d_sync_bitmap (video) ref count == 2
d3d      D          d3d_bmp.cpp:455  _al_d3d_sync_bitmap              [   1.30066] _al_d3d_sync_bitmap (system) ref count == 1
d3d      D          d3d_bmp.cpp:460  _al_d3d_sync_bitmap              [   1.30076] _al_d3d_sync_bitmap (video) ref count == 2
font     D                ttf.c:216  alloc_glyph_region               [   1.30992] glyph 13x20 (16x20)
d3d      D          d3d_bmp.cpp:455  _al_d3d_sync_bitmap              [   1.31585] _al_d3d_sync_bitmap (system) ref count == 1
d3d      D          d3d_bmp.cpp:460  _al_d3d_sync_bitmap              [   1.31595] _al_d3d_sync_bitmap (video) ref count == 2
d3d      D          d3d_bmp.cpp:455  _al_d3d_sync_bitmap              [   1.32367] _al_d3d_sync_bitmap (system) ref count == 1
d3d      D          d3d_bmp.cpp:460  _al_d3d_sync_bitmap              [   1.32390] _al_d3d_sync_bitmap (video) ref count == 2
font     D                ttf.c:216  alloc_glyph_region               [   1.34290] glyph 14x20 (16x20)
d3d      D          d3d_bmp.cpp:455  _al_d3d_sync_bitmap              [   1.34943] _al_d3d_sync_bitmap (system) ref count == 1
d3d      D          d3d_bmp.cpp:460  _al_d3d_sync_bitmap              [   1.34957] _al_d3d_sync_bitmap (video) ref count == 2
d3d      D          d3d_bmp.cpp:455  _al_d3d_sync_bitmap              [   1.35751] _al_d3d_sync_bitmap (system) ref count == 1
d3d      D          d3d_bmp.cpp:460  _al_d3d_sync_bitmap              [   1.35761] _al_d3d_sync_bitmap (video) ref count == 2
font     D                ttf.c:216  alloc_glyph_region               [   1.35984] glyph 13x20 (16x20)
d3d      D          d3d_bmp.cpp:455  _al_d3d_sync_bitmap              [   1.36568] _al_d3d_sync_bitmap (system) ref count == 1
d3d      D          d3d_bmp.cpp:460  _al_d3d_sync_bitmap              [   1.36584] _al_d3d_sync_bitmap (video) ref count == 2
d3d      D          d3d_bmp.cpp:455  _al_d3d_sync_bitmap              [   1.37342] _al_d3d_sync_bitmap (system) ref count == 1
d3d      D          d3d_bmp.cpp:460  _al_d3d_sync_bitmap              [   1.37361] _al_d3d_sync_bitmap (video) ref count == 2
font     D                ttf.c:216  alloc_glyph_region               [   1.37590] glyph 13x20 (16x20)
d3d      D          d3d_bmp.cpp:455  _al_d3d_sync_bitmap              [   1.38188] _al_d3d_sync_bitmap (system) ref count == 1
d3d      D          d3d_bmp.cpp:460  _al_d3d_sync_bitmap              [   1.38203] _al_d3d_sync_bitmap (video) ref count == 2
d3d      D          d3d_bmp.cpp:455  _al_d3d_sync_bitmap              [   1.38965] _al_d3d_sync_bitmap (system) ref count == 1
d3d      D          d3d_bmp.cpp:460  _al_d3d_sync_bitmap              [   1.38977] _al_d3d_sync_bitmap (video) ref count == 2
font     D                ttf.c:216  alloc_glyph_region               [   1.39283] glyph 14x20 (16x20)
d3d      D          d3d_bmp.cpp:455  _al_d3d_sync_bitmap              [   1.39955] _al_d3d_sync_bitmap (system) ref count == 1
d3d      D          d3d_bmp.cpp:460  _al_d3d_sync_bitmap              [   1.39966] _al_d3d_sync_bitmap (video) ref count == 2
d3d      D          d3d_bmp.cpp:455  _al_d3d_sync_bitmap              [   1.40809] _al_d3d_sync_bitmap (system) ref count == 1
d3d      D          d3d_bmp.cpp:460  _al_d3d_sync_bitmap              [   1.40818] _al_d3d_sync_bitmap (video) ref count == 2
font     D                ttf.c:216  alloc_glyph_region               [   1.40992] glyph 13x20 (16x20)
d3d      D          d3d_bmp.cpp:455  _al_d3d_sync_bitmap              [   1.41623] _al_d3d_sync_bitmap (system) ref count == 1
d3d      D          d3d_bmp.cpp:460  _al_d3d_sync_bitmap              [   1.41632] _al_d3d_sync_bitmap (video) ref count == 2
d3d      D          d3d_bmp.cpp:455  _al_d3d_sync_bitmap              [   1.42391] _al_d3d_sync_bitmap (system) ref count == 1
d3d      D          d3d_bmp.cpp:460  _al_d3d_sync_bitmap              [   1.42400] _al_d3d_sync_bitmap (video) ref count == 2
font     D                ttf.c:216  alloc_glyph_region               [   1.42590] glyph 13x20 (16x20)
d3d      D          d3d_bmp.cpp:455  _al_d3d_sync_bitmap              [   1.43155] _al_d3d_sync_bitmap (system) ref count == 1
d3d      D          d3d_bmp.cpp:460  _al_d3d_sync_bitmap              [   1.43171] _al_d3d_sync_bitmap (video) ref count == 2
d3d      D          d3d_bmp.cpp:455  _al_d3d_sync_bitmap              [   1.43955] _al_d3d_sync_bitmap (system) ref count == 1
d3d      D          d3d_bmp.cpp:460  _al_d3d_sync_bitmap              [   1.43971] _al_d3d_sync_bitmap (video) ref count == 2
dtor     D               dtor.c:214  _al_unregister_destructor        [   8.33543] removed dtor for object 00CD7820
dtor     D               dtor.c:214  _al_unregister_destructor        [   8.33621] removed dtor for object 00CD54A0
dtor     D               dtor.c:214  _al_unregister_destructor        [   8.34404] removed dtor for object 00CD3F80
dtor     D               dtor.c:214  _al_unregister_destructor        [   8.34417] removed dtor for object 00CD3D38
d3d      I         d3d_disp.cpp:920  d3d_destroy_display              [   8.34426] destroying display 00C2E6A8 (current 00000000)
bitmap   D             bitmap.c:874  _al_convert_to_memory_bitmap     [   8.34432] converting display bitmap 00CDE5D8 to memory bitmap
d3d      D          d3d_bmp.cpp:455  _al_d3d_sync_bitmap              [   8.35147] _al_d3d_sync_bitmap (system) ref count == 1
d3d      D          d3d_bmp.cpp:460  _al_d3d_sync_bitmap              [   8.35165] _al_d3d_sync_bitmap (video) ref count == 2
d3d      W          d3d_bmp.cpp:725  d3d_destroy_bitmap               [   8.35228] d3d_destroy_bitmap: Release video texture failed.
d3d      D         d3d_disp.cpp:904  d3d_destroy_display_internals    [   8.35370] waiting for display 00C2E6A8's thread to end
d3d      W         d3d_disp.cpp:616  d3d_destroy_device               [   8.36801] d3d_destroy_device: ref count not 0
d3d      I         d3d_disp.cpp:1522 d3d_display_thread_proc          [   8.40914] d3d display thread exits
dtor     D               dtor.c:114  _al_run_destructors              [   8.41083] calling dtor for object 00CD5208, func 69711B45
dtor     D               dtor.c:214  _al_unregister_destructor        [   8.41094] removed dtor for object 00CD5208
dtor     D               dtor.c:214  _al_unregister_destructor        [   8.41236] removed dtor for object 00C214E0
dtor     D               dtor.c:214  _al_unregister_destructor        [   8.41247] removed dtor for object 00C20E10
audio-dsound D           dsound.cpp:516  _dsound_stop_voice               [   8.41251] Stopping voice
audio-dsound D           dsound.cpp:532  _dsound_stop_voice               [   8.41255] Joining thread
audio-dsound D           dsound.cpp:538  _dsound_stop_voice               [   8.41880] Joined thread
audio-dsound D           dsound.cpp:540  _dsound_stop_voice               [   8.41889] Destroying thread
audio-dsound D           dsound.cpp:542  _dsound_stop_voice               [   8.41894] Thread destroyed
audio-dsound D           dsound.cpp:545  _dsound_stop_voice               [   8.41898] Releasing buffer
audio-dsound I           dsound.cpp:549  _dsound_stop_voice               [   8.41902] Voice stopped
dtor     D               dtor.c:214  _al_unregister_destructor        [   8.41911] removed dtor for object 00C0F090
audio-dsound D           dsound.cpp:365  _dsound_deallocate_voice         [   8.41915] Deallocating voice
audio-dsound D           dsound.cpp:370  _dsound_deallocate_voice         [   8.41920] Deallocated voice
audio-dsound D           dsound.cpp:279  _dsound_close                    [   8.41927] Releasing device
audio-dsound D           dsound.cpp:281  _dsound_close                    [   8.43729] Released device
audio-dsound I           dsound.cpp:284  _dsound_close                    [   8.43738] DirectSound closed
